<?xml version="1.0" encoding="UTF-8"?>
<!-- Generated by org.testng.reporters.JUnitXMLReporter -->
<testsuite ignored="0" hostname="DESKTOP-98I1HA0" failures="0" tests="3" name="Default test" time="34.714" errors="0" timestamp="2021-06-24T10:54:51 IST">
  <testcase classname="test.HomePage" name="basePageNavigation" time="2.159"/>
  <testcase classname="test.HomePage" name="basePageNavigation" time="2.382"/>
  <testcase classname="test.HomePage" name="basePageNavigation" time="2.306"/>
</testsuite> <!-- Default test -->
