<?xml version="1.0" encoding="UTF-8"?>
<testng-results ignored="0" total="1" passed="1" failed="0" skipped="0">
  <reporter-output>
  </reporter-output>
  <suite started-at="2021-06-23T15:42:38 IST" name="Suite" finished-at="2021-06-23T15:42:47 IST" duration-ms="9564">
    <groups>
    </groups>
    <test started-at="2021-06-23T15:42:38 IST" name="Test" finished-at="2021-06-23T15:42:47 IST" duration-ms="9564">
      <class name="test.BaseTest">
        <test-method signature="basePageNavigation()[pri:0, instance:test.BaseTest@d4342c2]" started-at="2021-06-23T15:42:38 IST" name="basePageNavigation" finished-at="2021-06-23T15:42:47 IST" duration-ms="9481" status="PASS">
          <reporter-output>
          </reporter-output>
        </test-method> <!-- basePageNavigation -->
      </class> <!-- test.BaseTest -->
    </test> <!-- Test -->
  </suite> <!-- Suite -->
</testng-results>
